<?xml version="1.0" encoding="UTF-8"?>
<!-- Generated by org.testng.reporters.JUnitXMLReporter -->
<testsuite hostname="DESKTOP-9VOCME9" ignored="0" name="firefoxtest" tests="1" failures="0" timestamp="2022-02-21T21:29:45 IST" time="0.029" errors="0">
  <testcase name="@BeforeClass beforelog" time="0.021" classname="com.testng.com.Testng_Crossbrowsertesting">
    <failure type="java.lang.IllegalStateException" message="The path to the driver executable must be set by the webdriver.gecko.driver system property; for more information, see https://github.com/mozilla/geckodriver. The latest version can be downloaded from https://github.com/mozilla/geckodriver/releases">
      <![CDATA[java.lang.IllegalStateException: The path to the driver executable must be set by the webdriver.gecko.driver system property; for more information, see https://github.com/mozilla/geckodriver. The latest version can be downloaded from https://github.com/mozilla/geckodriver/releases
at com.google.common.base.Preconditions.checkState(Preconditions.java:847)
at org.openqa.selenium.remote.service.DriverService.findExecutable(DriverService.java:134)
at org.openqa.selenium.firefox.GeckoDriverService.access$100(GeckoDriverService.java:44)
at org.openqa.selenium.firefox.GeckoDriverService$Builder.findDefaultExecutable(GeckoDriverService.java:167)
at org.openqa.selenium.remote.service.DriverService$Builder.build(DriverService.java:355)
at org.openqa.selenium.firefox.FirefoxDriver.toExecutor(FirefoxDriver.java:190)
at org.openqa.selenium.firefox.FirefoxDriver.<init>(FirefoxDriver.java:147)
at org.openqa.selenium.firefox.FirefoxDriver.<init>(FirefoxDriver.java:125)
at com.testng.com.Testng_Crossbrowsertesting.beforelog(Testng_Crossbrowsertesting.java:32)
at java.util.ArrayList.forEach(Unknown Source)
... Removed 25 stack frames]]>
    </failure>
  </testcase> <!-- @BeforeClass beforelog -->
  <testcase name="@AfterClass logout" time="-1.645459185802E9" classname="com.testng.com.Testng_Crossbrowsertesting">
    <skipped/>
  </testcase> <!-- @AfterClass logout -->
  <testcase name="login" time="0.0" classname="com.testng.com.Testng_Crossbrowsertesting">
    <skipped/>
  </testcase> <!-- login -->
</testsuite> <!-- firefoxtest -->
